                              ┌─┐                                                                       ,.-^^-._                                        
                              ║"│                                                                      |-.____.-|                                       
                              └┬┘                                                                      |        |                                       
                              ┌┼┐              |   ,-.                                                 |        |                                       
     ┌───────────┐             │               +--{   )          ┌───────┐          ┌──────┐           |        |         ┌───────────┐          ┌─────┐
     │Participant│            ┌┴┐              |   `-'           │Control│          │Entity│           '-.____.-'         │Collections│          │Queue│
     └─────┬─────┘           Actor            Boundary           └───────┘          └──────┘           Database           └───────────┘          └─────┘
           │     To actor      │                 │                   │                 │                  │                     │                   │   
           │──────────────────>│                 │                   │                 │                  │                     │                   │   
           │                   │                 │                   │                 │                  │                     │                   │   
           │            To boundary              │                   │                 │                  │                     │                   │   
           │────────────────────────────────────>│                   │                 │                  │                     │                   │   
           │                   │                 │                   │                 │                  │                     │                   │   
           │                   │   To control    │                   │                 │                  │                     │                   │   
           │────────────────────────────────────────────────────────>│                 │                  │                     │                   │   
           │                   │                 │                   │                 │                  │                     │                   │   
           │                   │            To entity                │                 │                  │                     │                   │   
           │──────────────────────────────────────────────────────────────────────────>│                  │                     │                   │   
           │                   │                 │                   │                 │                  │                     │                   │   
           │                   │                 │   To database     │                 │                  │                     │                   │   
           │─────────────────────────────────────────────────────────────────────────────────────────────>│                     │                   │   
           │                   │                 │                   │                 │                  │                     │                   │   
           │                   │                 │            To collections           │                  │                     │                   │   
           │───────────────────────────────────────────────────────────────────────────────────────────────────────────────────>│                   │   
           │                   │                 │                   │                 │                  │                     │                   │   
           │                   │                 │                   │     To queue    │                  │                     │                   │   
           │───────────────────────────────────────────────────────────────────────────────────────────────────────────────────────────────────────>│   
     ┌─────┴─────┐           Actor            Boundary           ┌───────┐          ┌──────┐           Database           ┌───────────┐          ┌─────┐
     │Participant│            ┌─┐              |   ,-.           │Control│          │Entity│            ,.-^^-._          │Collections│          │Queue│
     └───────────┘            ║"│              +--{   )          └───────┘          └──────┘           |-.____.-|         └───────────┘          └─────┘
                              └┬┘              |   `-'                                                 |        |                                       
                              ┌┼┐                                                                      |        |                                       
                               │                                                                       |        |                                       
                              ┌┴┐                                                                      '-.____.-'                                       